<?xml version="1.0" encoding="UTF-8" ?>
<testsuite tests="3" failures="0" name="com.lvlp.stu.spring.test.SpringAllAnnoTest" time="1.226" errors="0" skipped="0">
  <properties>
[...]
</properties>
  <testcase classname="com.lvlp.stu.spring.test.SpringAllAnnoTest" name="com.lvlp.stu.spring.test.SpringAllAnnoTest.test2" time="0.6"/>
  <testcase classname="com.lvlp.stu.spring.test.SpringAllAnnoTest" name="com.lvlp.stu.spring.test.SpringAllAnnoTest.test3" time="0.044"/>
  <testcase classname="com.lvlp.stu.spring.test.SpringAllAnnoTest" name="com.lvlp.stu.spring.test.SpringAllAnnoTest.test1" time="0.582"/>
</testsuite>