<?xml version="1.0" encoding="UTF-8"?>
<testsuite xmlns:xsi="http://www.w3.org/2001/XMLSchema-instance" xsi:noNamespaceSchemaLocation="https://maven.apache.org/surefire/maven-surefire-plugin/xsd/surefire-test-report-3.0.xsd" version="3.0" name="com.lvlp.stu.xml.test.Test09" time="0.037" tests="1" errors="0" skipped="0" failures="0">
  <properties>
[...]
</properties>
  <testcase name="test" classname="com.lvlp.stu.xml.test.Test09" time="0.035">
    <system-out><![CDATA[user 无参构造器执行了！
后置处理器的前置方法
user init 执行了！
后置处理器的后置方法
User{userName='null', passWord='null'}
user destroy 执行了！
]]></system-out>
  </testcase>
</testsuite>