-------------------------------------------------------------------------------
Test set: com.lvlp.stu.jdbc.test.JdbcTest
-------------------------------------------------------------------------------
Tests run: 2, Failures: 2, Errors: 0, Skipped: 0, Time elapsed: 0.15 sec <<< FAILURE!
com.lvlp.stu.jdbc.test.JdbcTest.test2()  Time elapsed: 0.149 sec  <<< FAILURE!
java.lang.NullPointerException: Cannot invoke "org.springframework.jdbc.core.JdbcTemplate.query(String, org.springframework.jdbc.core.RowMapper)" because "this.jdbcTemplate" is null
	at com.lvlp.stu.jdbc.test.JdbcTest.test2(JdbcTest.java:43)

com.lvlp.stu.jdbc.test.JdbcTest.test1()  Time elapsed: 0 sec  <<< FAILURE!
java.lang.NullPointerException: Cannot invoke "org.springframework.jdbc.core.JdbcTemplate.queryForObject(String, org.springframework.jdbc.core.RowMapper)" because "this.jdbcTemplate" is null
	at com.lvlp.stu.jdbc.test.JdbcTest.test1(JdbcTest.java:35)

